#
# An unexpected error has been detected by Java Runtime Environment:
#
#  EXCEPTION_ACCESS_VIOLATION (0xc0000005) at pc=0x000000007ad3ace1, pid=7148, tid=7056
#
# Java VM: Java HotSpot(TM) 64-Bit Server VM (11.2-b01 mixed mode windows-amd64)
# Problematic frame:
# C  [mcr.dll+0x4ace1]
#
# If you would like to submit a bug report, please visit:
#   http://java.sun.com/webapps/bugreport/crash.jsp
# The crash happened outside the Java Virtual Machine in native code.
# See problematic frame for where to report the bug.
#

---------------  T H R E A D  ---------------

Current thread (0x000000000153f800):  JavaThread "main" [_thread_in_native, id=7056, stack(0x0000000000030000,0x0000000001030000)]

siginfo: ExceptionCode=0xc0000005, reading address 0x0000000000000060

Registers:
EAX=0x0000000000000001, EBX=0x00000000045a80a0, ECX=0x0000000076ecbd3a, EDX=0x0000000000000000
ESP=0x000000000102e160, EBP=0x0000000000000000, ESI=0x00000000045a80b8, EDI=0x0000000000000000
EIP=0x000000007ad3ace1, EFLAGS=0x0000000000010202

Top of Stack: (sp=0x000000000102e160)
0x000000000102e160:   0000000000000000 0000000000000000
0x000000000102e170:   0000000000000000 0000000000000000
0x000000000102e180:   fffffffffffffffe 0000000000001b90
0x000000000102e190:   0000000000000000 0000000000000000
0x000000000102e1a0:   0000000000000000 0000000000000000
0x000000000102e1b0:   000000003652d6d0 000000007acf15bf
0x000000000102e1c0:   00000000045a80a0 000000000102e288
0x000000000102e1d0:   0000000000000200 000000000102e210
0x000000000102e1e0:   00000000ffffffff 000000007ad423cd
0x000000000102e1f0:   0000000000000000 00000000045a91e0
0x000000000102e200:   fffffffffffffffe 0000000018921bd8
0x000000000102e210:   0000000001278e80 0000000076eac760
0x000000000102e220:   00000000ffffffff 000000000102e350
0x000000000102e230:   00000000045ae190 00720067006f0072
0x000000000102e240:   000000000102e3f0 0000000076ef0049
0x000000000102e250:   0000000000000000 000000000102e600 

Instructions: (pc=0x000000007ad3ace1)
0x000000007ad3acd1:   24 60 ff 15 e7 e1 00 00 90 48 8b 3d 97 c9 03 00
0x000000007ad3ace1:   48 39 7d 60 75 06 80 7d 59 00 75 6a 48 85 ff 74 


Stack: [0x0000000000030000,0x0000000001030000],  sp=0x000000000102e160,  free space=16376k
Native frames: (J=compiled Java code, j=interpreted, Vv=VM code, C=native code)
C  [mcr.dll+0x4ace1]

[error occurred during error reporting (printing native stack), id 0xc0000005]

Java frames: (J=compiled Java code, j=interpreted, Vv=VM code)
j  com.mathworks.jmi.NativeMatlab.SendMatlabMessage(Ljava/lang/Object;)Ljava/lang/Object;+0
j  com.mathworks.jmi.NativeMatlab.sendMatlabMessage(Ljava/lang/Object;)Ljava/lang/Object;+22
j  com.mathworks.jmi.MatlabLooper.sendMatlabMessage(Lcom/mathworks/services/message/MWMessage;)Ljava/lang/Object;+20
j  com.mathworks.jmi.Matlab.mtFevalConsoleOutput(Ljava/lang/String;[Ljava/lang/Object;I)Ljava/lang/Object;+58
j  com.mathworks.mde.desk.MLDesktop$9.run()V+14
j  com.mathworks.jmi.NativeMatlab.dispatchMTRequests(Z)V+50
v  ~StubRoutines::call_stub

---------------  P R O C E S S  ---------------

Java Threads: ( => current thread )
  0x0000000031802800 JavaThread "Prefs Updater" daemon [_thread_blocked, id=6812, stack(0x0000000036200000,0x0000000036280000)]
  0x0000000031803000 JavaThread "Timer-9" daemon [_thread_blocked, id=5392, stack(0x0000000033100000,0x0000000033180000)]
  0x0000000030cddc00 JavaThread "Timer-1" [_thread_blocked, id=860, stack(0x0000000031e60000,0x0000000031ee0000)]
  0x0000000030c7dc00 JavaThread "TimerQueue" daemon [_thread_blocked, id=6168, stack(0x0000000031d50000,0x0000000031dd0000)]
  0x000000002ff44c00 JavaThread "AWT-EventQueue-0" [_thread_in_Java, id=6944, stack(0x0000000031b80000,0x0000000031c00000)]
  0x000000002fd72c00 JavaThread "AWT-Shutdown" [_thread_blocked, id=6452, stack(0x00000000308c0000,0x0000000030940000)]
  0x000000002fca8800 JavaThread "Image Fetcher 3" daemon [_thread_blocked, id=2756, stack(0x0000000030250000,0x00000000302d0000)]
  0x000000002fd73400 JavaThread "AWT-Windows" daemon [_thread_in_native, id=5660, stack(0x00000000301d0000,0x0000000030250000)]
  0x000000002fd52400 JavaThread "Java2D Disposer" daemon [_thread_blocked, id=6920, stack(0x00000000300d0000,0x0000000030150000)]
  0x000000002f553000 JavaThread "Timer-0" [_thread_blocked, id=4404, stack(0x000000000ef20000,0x000000000efa0000)]
  0x000000002f4ec800 JavaThread "JMI Unnamed Thread" [_thread_in_native, id=7100, stack(0x0000000005b90000,0x0000000006b90000)]
  0x000000000ee33000 JavaThread "Low Memory Detector" daemon [_thread_blocked, id=6640, stack(0x000000000eea0000,0x000000000ef20000)]
  0x000000000ee2ec00 JavaThread "CompilerThread1" daemon [_thread_blocked, id=6788, stack(0x000000002d410000,0x000000002e410000)]
  0x000000000ee28c00 JavaThread "CompilerThread0" daemon [_thread_blocked, id=6416, stack(0x000000002c410000,0x000000002d410000)]
  0x000000000ee28400 JavaThread "Attach Listener" daemon [_thread_blocked, id=1820, stack(0x000000000ec10000,0x000000000ec90000)]
  0x000000000ee07400 JavaThread "Finalizer" daemon [_thread_blocked, id=6940, stack(0x000000000eb90000,0x000000000ec10000)]
  0x000000000ee00c00 JavaThread "Reference Handler" daemon [_thread_blocked, id=3576, stack(0x000000000eb10000,0x000000000eb90000)]
=>0x000000000153f800 JavaThread "main" [_thread_in_native, id=7056, stack(0x0000000000030000,0x0000000001030000)]

Other Threads:
  0x000000000edf8000 VMThread [stack: 0x000000002b410000,0x000000002c410000] [id=3568]
  0x000000000ee5f800 WatcherThread [stack: 0x000000002e410000,0x000000002f410000] [id=1892]

VM state:not at safepoint (normal execution)

VM Mutex/Monitor currently owned by a thread: None

Heap
 PSYoungGen      total 32768K, used 18459K [0x0000000020310000, 0x0000000023410000, 0x0000000023410000)
  eden space 17664K, 19% used [0x0000000020310000,0x000000002065bdf8,0x0000000021450000)
  from space 15104K, 99% used [0x0000000021450000,0x000000002230b180,0x0000000022310000)
  to   space 16704K, 0% used [0x00000000223c0000,0x00000000223c0000,0x0000000023410000)
 PSOldGen        total 49152K, used 29411K [0x0000000017010000, 0x000000001a010000, 0x0000000020310000)
  object space 49152K, 59% used [0x0000000017010000,0x0000000018cc8f60,0x000000001a010000)
 PSPermGen       total 35072K, used 34925K [0x000000000f010000, 0x0000000011250000, 0x0000000017010000)
  object space 35072K, 99% used [0x000000000f010000,0x000000001122b5d8,0x0000000011250000)

Dynamic libraries:
0x0000000140000000 - 0x0000000140038000 	C:\Program Files\MATLAB\R2009b\bin\win64\matlab.exe
0x0000000076e80000 - 0x000000007702a000 	C:\Windows\SYSTEM32\ntdll.dll
0x0000000076c60000 - 0x0000000076d7f000 	C:\Windows\system32\kernel32.dll
0x000007fefced0000 - 0x000007fefcf3a000 	C:\Windows\system32\KERNELBASE.dll
0x000000007cdb0000 - 0x000000007ceb9000 	C:\Program Files\MATLAB\R2009b\bin\win64\libut.dll
0x000007fefe880000 - 0x000007fefe899000 	C:\Windows\system32\imagehlp.dll
0x000007fefcf80000 - 0x000007fefd01f000 	C:\Windows\system32\msvcrt.dll
0x000007fefd250000 - 0x000007fefd32b000 	C:\Windows\system32\ADVAPI32.dll
0x000007fefe1d0000 - 0x000007fefe1ef000 	C:\Windows\SYSTEM32\sechost.dll
0x000007fefe1f0000 - 0x000007fefe31d000 	C:\Windows\system32\RPCRT4.dll
0x0000000077040000 - 0x0000000077047000 	C:\Windows\system32\PSAPI.DLL
0x000000007d620000 - 0x000000007d648000 	C:\Program Files\MATLAB\R2009b\bin\win64\LIBEXPAT.dll
0x000000006f7a0000 - 0x000000006f869000 	C:\Windows\WinSxS\amd64_microsoft.vc80.crt_1fc8b3b9a1e18e3b_8.0.50727.6195_none_88e41e092fab0294\MSVCR80.dll
0x000000007d320000 - 0x000000007d44c000 	C:\Program Files\MATLAB\R2009b\bin\win64\icuuc40.dll
0x000000007c760000 - 0x000000007c763000 	C:\Program Files\MATLAB\R2009b\bin\win64\icudt40.dll
0x000000007c770000 - 0x000000007c780000 	C:\Program Files\MATLAB\R2009b\bin\win64\icuio40.dll
0x000000007ca60000 - 0x000000007cbb3000 	C:\Program Files\MATLAB\R2009b\bin\win64\icuin40.dll
0x00000000623d0000 - 0x00000000624d9000 	C:\Windows\WinSxS\amd64_microsoft.vc80.crt_1fc8b3b9a1e18e3b_8.0.50727.6195_none_88e41e092fab0294\MSVCP80.dll
0x0000000076d80000 - 0x0000000076e7a000 	C:\Windows\system32\USER32.dll
0x000007fefe810000 - 0x000007fefe877000 	C:\Windows\system32\GDI32.dll
0x000007fefe760000 - 0x000007fefe76e000 	C:\Windows\system32\LPK.dll
0x000007fefefd0000 - 0x000007feff09a000 	C:\Windows\system32\USP10.dll
0x0000000078820000 - 0x0000000078890000 	C:\Program Files\MATLAB\R2009b\bin\win64\libmwfl.dll
0x000000007e820000 - 0x000000007e82f000 	C:\Program Files\MATLAB\R2009b\bin\win64\boost_date_time-vc80-mt-1_36.dll
0x000000007e800000 - 0x000000007e816000 	C:\Program Files\MATLAB\R2009b\bin\win64\boost_signals-vc80-mt-1_36.dll
0x000000007dae0000 - 0x000000007dae9000 	C:\Program Files\MATLAB\R2009b\bin\win64\boost_system-vc80-mt-1_36.dll
0x000000007c740000 - 0x000000007c751000 	C:\Program Files\MATLAB\R2009b\bin\win64\boost_thread-vc80-mt-1_36.dll
0x000000007cf70000 - 0x000000007d1e1000 	C:\Program Files\MATLAB\R2009b\bin\win64\libmwservices.dll
0x000000007cec0000 - 0x000000007cf6f000 	C:\Program Files\MATLAB\R2009b\bin\win64\libmx.dll
0x0000000079070000 - 0x0000000079087000 	C:\Program Files\MATLAB\R2009b\bin\win64\zlib1.dll
0x000000007d1f0000 - 0x000000007d318000 	C:\Program Files\MATLAB\R2009b\bin\win64\libmwmathutil.dll
0x000000007a660000 - 0x000000007a6b8000 	C:\Program Files\MATLAB\R2009b\bin\win64\mpath.dll
0x000000007d650000 - 0x000000007d6a1000 	C:\Program Files\MATLAB\R2009b\bin\win64\mlutil.dll
0x00000000787b0000 - 0x00000000787ee000 	C:\Program Files\MATLAB\R2009b\bin\win64\tbb.dll
0x000007fef8c00000 - 0x000007fef8ca0000 	C:\Windows\WinSxS\amd64_microsoft.windows.common-controls_6595b64144ccf1df_5.82.7601.18837_none_a4d981ff711297b6\COMCTL32.dll
0x000007fefe770000 - 0x000007fefe807000 	C:\Windows\system32\comdlg32.dll
0x000007feff0a0000 - 0x000007feff111000 	C:\Windows\system32\SHLWAPI.dll
0x000007fefd330000 - 0x000007fefe0bc000 	C:\Windows\system32\SHELL32.dll
0x000007fefb0d0000 - 0x000007fefb0e6000 	C:\Windows\system32\NETAPI32.dll
0x000007fefb0c0000 - 0x000007fefb0cc000 	C:\Windows\system32\netutils.dll
0x000007fefc610000 - 0x000007fefc633000 	C:\Windows\system32\srvcli.dll
0x000007fefb0a0000 - 0x000007fefb0b5000 	C:\Windows\system32\wkscli.dll
0x000007fefd200000 - 0x000007fefd24d000 	C:\Windows\system32\WS2_32.dll
0x000007feff120000 - 0x000007feff128000 	C:\Windows\system32\NSI.dll
0x000000007eaa0000 - 0x000000007eabd000 	C:\Program Files\MATLAB\R2009b\bin\win64\boost_filesystem-vc80-mt-1_36.dll
0x000000007acf0000 - 0x000000007ad87000 	C:\Program Files\MATLAB\R2009b\bin\win64\mcr.dll
0x000000007c780000 - 0x000000007c80c000 	C:\Program Files\MATLAB\R2009b\bin\win64\iqm.dll
0x000000007b440000 - 0x000000007bd40000 	C:\Program Files\MATLAB\R2009b\bin\win64\m_interpreter.dll
0x000000007c830000 - 0x000000007c840000 	C:\Program Files\MATLAB\R2009b\bin\win64\libmex.dll
0x000000007ab60000 - 0x000000007ac0b000 	C:\Program Files\MATLAB\R2009b\bin\win64\m_dispatcher.dll
0x000000007e720000 - 0x000000007e7ac000 	C:\Program Files\MATLAB\R2009b\bin\win64\xmlcore.dll
0x000000007a020000 - 0x000000007a2b5000 	C:\Program Files\MATLAB\R2009b\bin\win64\xerces-c_2_7.dll
0x000000007e980000 - 0x000000007ea71000 	C:\Program Files\MATLAB\R2009b\bin\win64\boost_regex-vc80-mt-1_36.dll
0x000000007aa00000 - 0x000000007aa91000 	C:\Program Files\MATLAB\R2009b\bin\win64\profiler.dll
0x000000007c8b0000 - 0x000000007c8da000 	C:\Program Files\MATLAB\R2009b\bin\win64\libmwmathrng.dll
0x0000000078fd0000 - 0x0000000078fea000 	C:\Program Files\MATLAB\R2009b\bin\win64\m_pcodeio.dll
0x000000007a610000 - 0x000000007a65d000 	C:\Program Files\MATLAB\R2009b\bin\win64\m_ir.dll
0x000000007ae40000 - 0x000000007b433000 	C:\Program Files\MATLAB\R2009b\bin\win64\m_parser.dll
0x000000007c810000 - 0x000000007c824000 	C:\Program Files\MATLAB\R2009b\bin\win64\ir_xfmr.dll
0x0000000078890000 - 0x0000000078b39000 	C:\Program Files\MATLAB\R2009b\bin\win64\mcos.dll
0x000000007c8f0000 - 0x000000007c8fc000 	C:\Program Files\MATLAB\R2009b\bin\win64\mtok.dll
0x0000000078fb0000 - 0x0000000078fd0000 	C:\Program Files\MATLAB\R2009b\bin\win64\m_pcodegen.dll
0x000007fef0820000 - 0x000007fef0945000 	C:\Windows\system32\dbghelp.dll
0x0000000078ec0000 - 0x0000000078ee4000 	C:\Program Files\MATLAB\R2009b\bin\win64\bridge.dll
0x000000007c3d0000 - 0x000000007c490000 	C:\Program Files\MATLAB\R2009b\bin\win64\udd.dll
0x000000007d450000 - 0x000000007d59d000 	C:\Program Files\MATLAB\R2009b\bin\win64\libmwgui.dll
0x00000000790e0000 - 0x000000007980b000 	C:\Program Files\MATLAB\R2009b\bin\win64\hg.dll
0x0000000078ef0000 - 0x0000000078f2c000 	C:\Program Files\MATLAB\R2009b\bin\win64\libmat.dll
0x000000007cbc0000 - 0x000000007cdae000 	C:\Program Files\MATLAB\R2009b\bin\win64\libhdf5.dll
0x000000007a550000 - 0x000000007a5af000 	C:\Program Files\MATLAB\R2009b\bin\win64\jmi.dll
0x000000007a490000 - 0x000000007a4d0000 	C:\Program Files\MATLAB\R2009b\bin\win64\libmwhardcopy.dll
0x000000007a5b0000 - 0x000000007a60a000 	C:\Program Files\MATLAB\R2009b\bin\win64\libuij.dll
0x0000000078680000 - 0x00000000787ab000 	C:\Program Files\MATLAB\R2009b\bin\win64\hgdatatypes.dll
0x0000000078630000 - 0x000000007867b000 	C:\Program Files\MATLAB\R2009b\bin\win64\hgutils.dll
0x0000000078f30000 - 0x0000000078fa5000 	C:\Program Files\MATLAB\R2009b\bin\win64\libmwlapack.dll
0x000000007c850000 - 0x000000007c863000 	C:\Program Files\MATLAB\R2009b\bin\win64\libmwbinder.dll
0x000000007c490000 - 0x000000007c73e000 	C:\Program Files\MATLAB\R2009b\bin\win64\uiw.dll
0x000000007c930000 - 0x000000007c93a000 	C:\Program Files\MATLAB\R2009b\bin\win64\uinone.dll
0x000000005b030000 - 0x000000005b1cc000 	C:\Windows\WinSxS\amd64_microsoft.vc80.mfc_1fc8b3b9a1e18e3b_8.0.50727.6195_none_8448b2bd328df189\MFC80.DLL
0x000007fef88e0000 - 0x000007fef8951000 	C:\Windows\system32\WINSPOOL.DRV
0x000007fefe4b0000 - 0x000007fefe6b3000 	C:\Windows\system32\ole32.dll
0x000007fefec20000 - 0x000007fefecf8000 	C:\Windows\system32\OLEAUT32.dll
0x000000007ad90000 - 0x000000007ae3f000 	C:\Program Files\MATLAB\R2009b\bin\win64\udd_mi.dll
0x0000000078ff0000 - 0x0000000079008000 	C:\Program Files\MATLAB\R2009b\bin\win64\mwoles05.DLL
0x000000007a990000 - 0x000000007a9fa000 	C:\Program Files\MATLAB\R2009b\bin\win64\comcli.dll
0x00000000727c0000 - 0x00000000727e0000 	C:\Windows\WinSxS\amd64_microsoft.vc80.atl_1fc8b3b9a1e18e3b_8.0.50727.6195_none_8a1dd9552ed7f8d8\ATL80.DLL
0x000000007c8e0000 - 0x000000007c8ee000 	C:\Program Files\MATLAB\R2009b\bin\win64\mlautoregister.dll
0x000007fefe8a0000 - 0x000007fefe8ce000 	C:\Windows\system32\IMM32.DLL
0x000007fefe0c0000 - 0x000007fefe1c9000 	C:\Windows\system32\MSCTF.dll
0x000007fefcb00000 - 0x000007fefcb2f000 	c:\windows\system32\nvinitx.dll
0x000000000f000000 - 0x000000000f006000 	C:\Program Files\NVIDIA Corporation\CoProcManager\_etoured.dll
0x000007fef91d0000 - 0x000007fef922f000 	C:\Program Files\NVIDIA Corporation\CoProcManager\nvd3d9wrapx.dll
0x000007fefd020000 - 0x000007fefd1f7000 	C:\Windows\system32\SETUPAPI.dll
0x000007fefcbf0000 - 0x000007fefcc26000 	C:\Windows\system32\CFGMGR32.dll
0x000007fefcd30000 - 0x000007fefcd4a000 	C:\Windows\system32\DEVOBJ.dll
0x000007fef90e0000 - 0x000007fef9126000 	C:\Program Files\NVIDIA Corporation\CoProcManager\nvdxgiwrapx.dll
0x00000000727b0000 - 0x00000000727bd000 	C:\Windows\WinSxS\amd64_microsoft.vc80.mfcloc_1fc8b3b9a1e18e3b_8.0.50727.6195_none_bc20f59b0bdd1acd\MFC80ENU.DLL
0x000007fefa620000 - 0x000007fefa676000 	C:\Windows\system32\uxtheme.dll
0x000007fefcbc0000 - 0x000007fefcbcf000 	C:\Windows\system32\profapi.dll
0x000007fefb010000 - 0x000007fefb037000 	C:\Windows\system32\iphlpapi.dll
0x000007fefaff0000 - 0x000007fefaffb000 	C:\Windows\system32\WINNSI.DLL
0x000007fefc1b0000 - 0x000007fefc20b000 	C:\Windows\system32\DNSAPI.dll
0x000007fefae20000 - 0x000007fefae38000 	C:\Windows\system32\dhcpcsvc.DLL
0x000007fefa980000 - 0x000007fefa991000 	C:\Windows\system32\dhcpcsvc6.DLL
0x00000000727a0000 - 0x00000000727a3000 	C:\Windows\system32\icmp.Dll
0x000007fefc9f0000 - 0x000007fefc9ff000 	C:\Windows\system32\CRYPTBASE.dll
0x000000006d7f0000 - 0x000000006dda8000 	C:\Program Files\MATLAB\R2009b\sys\java\jre\win64\jre\bin\server\jvm.dll
0x000007fefa5e0000 - 0x000007fefa61b000 	C:\Windows\system32\WINMM.dll
0x000007fef9bc0000 - 0x000007fef9bd8000 	C:\Windows\system32\dwmapi.dll
0x000007fefe6c0000 - 0x000007fefe759000 	C:\Windows\system32\CLBCatQ.DLL
0x000000007ab10000 - 0x000000007ab1a000 	C:\Program Files\MATLAB\R2009b\sys\java\jre\win64\jre\bin\hpi.dll
0x000000007ab30000 - 0x000000007ab3e000 	C:\Program Files\MATLAB\R2009b\sys\java\jre\win64\jre\bin\verify.dll
0x0000000079090000 - 0x00000000790b7000 	C:\Program Files\MATLAB\R2009b\sys\java\jre\win64\jre\bin\java.dll
0x000000007ab40000 - 0x000000007ab52000 	C:\Program Files\MATLAB\R2009b\sys\java\jre\win64\jre\bin\zip.dll
0x0000000079010000 - 0x0000000079032000 	C:\Program Files\MATLAB\R2009b\bin\win64\nativejava.dll
0x0000000079040000 - 0x000000007906b000 	C:\Program Files\MATLAB\R2009b\bin\win64\nativejmi.dll
0x000000007c920000 - 0x000000007c927000 	C:\Program Files\MATLAB\R2009b\bin\win64\nativeservices.dll
0x000000007a2c0000 - 0x000000007a482000 	C:\Program Files\MATLAB\R2009b\sys\java\jre\win64\jre\bin\awt.dll
0x000000007ac10000 - 0x000000007ac7b000 	C:\Program Files\MATLAB\R2009b\sys\java\jre\win64\jre\bin\fontmanager.dll
0x00000000790c0000 - 0x00000000790d7000 	C:\Program Files\MATLAB\R2009b\sys\java\jre\win64\jre\bin\net.dll
0x000007fefc330000 - 0x000007fefc385000 	C:\Windows\system32\mswsock.dll
0x000007fefc320000 - 0x000007fefc327000 	C:\Windows\System32\wship6.dll
0x000000007ab20000 - 0x000000007ab2b000 	C:\Program Files\MATLAB\R2009b\sys\java\jre\win64\jre\bin\nio.dll
0x000007fefc390000 - 0x000007fefc3a8000 	C:\Windows\system32\CRYPTSP.dll
0x000007fefc090000 - 0x000007fefc0d7000 	C:\Windows\system32\rsaenh.dll
0x000007fefcc40000 - 0x000007fefcc5e000 	C:\Windows\system32\USERENV.dll
0x000007fefb080000 - 0x000007fefb095000 	C:\Windows\system32\NLAapi.dll
0x000007fef4ae0000 - 0x000007fef4af5000 	C:\Windows\system32\napinsp.dll

VM Arguments:
jvm_args: -Xss512k -XX:PermSize=32m -Xms64m -XX:NewRatio=3 -XX:MaxPermSize=128m -Xmx196m -XX:MaxDirectMemorySize=2147400000 -Dsun.java2d.noddraw=true -Dsun.awt.nopixfmt=true -Xshare:off -Xrs -Djava.library.path=C:\Program Files\MATLAB\R2009b\bin\win64 vfprintf abort 
java_command: <unknown>
Launcher Type: generic

Environment Variables:
PATH=C:\Program Files\Common Files\Microsoft Shared\Windows Live;C:\Program Files (x86)\Common Files\Microsoft Shared\Windows Live;C:\Program Files (x86)\NVIDIA Corporation\PhysX\Common;C:\Program Files\Common Files\Microsoft Shared\Windows Live;C:\Windows\system32;C:\Windows;C:\Windows\System32\Wbem;C:\Windows\System32\WindowsPowerShell\v1.0\;C:\Program Files\MATLAB\R2009b\runtime\win64;C:\Program Files\MATLAB\R2009b\bin;C:\Program Files\MiKTeX 2.9\miktex\bin\x64\;C:\Program Files (x86)\Windows Live\Shared;C:\Program Files\VDownloader
USERNAME=thadeu
OS=Windows_NT
PROCESSOR_IDENTIFIER=Intel64 Family 6 Model 58 Stepping 9, GenuineIntel



---------------  S Y S T E M  ---------------

OS: Windows NT 6.1 Build 7601 Service Pack 1

CPU:total 8 (8 cores per cpu, 2 threads per core) family 6 model 10 stepping 9, cmov, cx8, fxsr, mmx, sse, sse2, sse3, ssse3, ht

Memory: 4k page, physical 8254812k(5532980k free), swap 16507764k(13508164k free)

vm_info: Java HotSpot(TM) 64-Bit Server VM (11.2-b01) for windows-amd64 JRE (1.6.0_12-b04), built on Jan 17 2009 01:49:05 by "java_re" with MS VC++ 8.0

time: Wed Aug 10 09:37:23 2016
elapsed time: 12 seconds

